<?xml version="1.0" encoding="UTF-8"?>
<testng-results ignored="0" total="3" passed="3" failed="0" skipped="0">
  <reporter-output>
  </reporter-output>
  <suite started-at="2023-05-01T16:43:12 IST" name="Default suite" finished-at="2023-05-01T16:43:12 IST" duration-ms="51">
    <groups>
    </groups>
    <test started-at="2023-05-01T16:43:12 IST" name="Default test" finished-at="2023-05-01T16:43:12 IST" duration-ms="51">
      <class name="com.sgtesting.users.User">
        <test-method is-config="true" signature="setup()[pri:0, instance:com.sgtesting.users.User@22e357dc]" started-at="2023-05-01T16:43:12 IST" name="setup" finished-at="2023-05-01T16:43:12 IST" duration-ms="5" status="PASS">
          <reporter-output>
          </reporter-output>
        </test-method> <!-- setup -->
        <test-method signature="createUser()[pri:0, instance:com.sgtesting.users.User@22e357dc]" started-at="2023-05-01T16:43:12 IST" name="createUser" finished-at="2023-05-01T16:43:12 IST" duration-ms="4" status="PASS">
          <reporter-output>
          </reporter-output>
        </test-method> <!-- createUser -->
        <test-method signature="deleteProduct()[pri:0, instance:com.sgtesting.users.User@22e357dc]" started-at="2023-05-01T16:43:12 IST" name="deleteProduct" finished-at="2023-05-01T16:43:12 IST" duration-ms="1" status="PASS">
          <reporter-output>
          </reporter-output>
        </test-method> <!-- deleteProduct -->
        <test-method signature="modifyUser()[pri:0, instance:com.sgtesting.users.User@22e357dc]" started-at="2023-05-01T16:43:12 IST" name="modifyUser" finished-at="2023-05-01T16:43:12 IST" duration-ms="2" status="PASS">
          <reporter-output>
          </reporter-output>
        </test-method> <!-- modifyUser -->
        <test-method is-config="true" signature="tearDown()[pri:0, instance:com.sgtesting.users.User@22e357dc]" started-at="2023-05-01T16:43:12 IST" name="tearDown" finished-at="2023-05-01T16:43:12 IST" duration-ms="1" status="PASS">
          <reporter-output>
          </reporter-output>
        </test-method> <!-- tearDown -->
      </class> <!-- com.sgtesting.users.User -->
    </test> <!-- Default test -->
  </suite> <!-- Default suite -->
</testng-results>
