<?xml version="1.0" encoding="UTF-8"?>
<!-- Generated by org.testng.reporters.JUnitXMLReporter -->
<testsuite ignored="0" hostname="LAPTOP-A5ISSB3S" failures="0" tests="3" name="Default test" time="0.051" errors="0" timestamp="2023-05-01T16:43:12 IST">
  <testcase classname="com.sgtesting.users.User" name="createUser" time="0.004"/>
  <testcase classname="com.sgtesting.users.User" name="deleteProduct" time="0.001"/>
  <testcase classname="com.sgtesting.users.User" name="modifyUser" time="0.002"/>
</testsuite> <!-- Default test -->
